[    0.000000] Linux version 4.15.0-180-generic (buildd@lcy02-amd64-097) (gcc version 7.5.0 (Ubuntu 7.5.0-3ubuntu1~18.04)) #189-Ubuntu SMP Wed May 18 14:13:57 UTC 2022 (Ubuntu 4.15.0-180.189-generic 4.15.18)
[    0.000000] Command line: BOOT_IMAGE=/boot/vmlinuz-4.15.0-180-generic root=UUID=0684c079-d336-4c12-a204-14d5a871ead0 ro console=tty1 console=ttyS0
[    0.000000] KERNEL supported cpus:
[    0.000000]   Intel GenuineIntel
[    0.000000]   AMD AuthenticAMD
[    0.000000]   Centaur CentaurHauls
[    0.000000] [Firmware Bug]: TSC doesn't count with P0 frequency!
[    0.000000] x86/fpu: x87 FPU will use FXSAVE
[    0.000000] e820: BIOS-provided physical RAM map:
[    0.000000] BIOS-e820: [mem 0x0000000000000000-0x000000000009fbff] usable
[    0.000000] BIOS-e820: [mem 0x000000000009fc00-0x000000000009ffff] reserved
[    0.000000] BIOS-e820: [mem 0x00000000000f0000-0x00000000000fffff] reserved
[    0.000000] BIOS-e820: [mem 0x0000000000100000-0x00000000c77effff] usable
[    0.000000] BIOS-e820: [mem 0x00000000c77f0000-0x00000000c77fffff] ACPI data
[    0.000000] BIOS-e820: [mem 0x00000000fec00000-0x00000000fec00fff] reserved
[    0.000000] BIOS-e820: [mem 0x00000000fee00000-0x00000000fee00fff] reserved
[    0.000000] BIOS-e820: [mem 0x00000000fffc0000-0x00000000ffffffff] reserved
[    0.000000] NX (Execute Disable) protection: active
[    0.000000] SMBIOS 2.5 present.
[    0.000000] DMI: innotek GmbH VirtualBox/VirtualBox, BIOS VirtualBox 12/01/2006
[    0.000000] Hypervisor detected: KVM
[    0.000000] e820: last_pfn = 0xc77f0 max_arch_pfn = 0x400000000
[    0.000000] MTRR: Disabled
[    0.000000] x86/PAT: MTRRs disabled, skipping PAT initialization too.
[    0.000000] CPU MTRRs all blank - virtualized system.
[    0.000000] x86/PAT: Configuration [0-7]: WB  WT  UC- UC  WB  WT  UC- UC  
[    0.000000] found SMP MP-table at [mem 0x0009fff0-0x0009ffff]
[    0.000000] Scanning 1 areas for low memory corruption
[    0.000000] RAMDISK: [mem 0x3581b000-0x36c04fff]
[    0.000000] ACPI: Early table checksum verification disabled
[    0.000000] ACPI: RSDP 0x00000000000E0000 000024 (v02 VBOX  )
[    0.000000] ACPI: XSDT 0x00000000C77F0030 00003C (v01 VBOX   VBOXXSDT 00000001 ASL  00000061)
[    0.000000] ACPI: FACP 0x00000000C77F00F0 0000F4 (v04 VBOX   VBOXFACP 00000001 ASL  00000061)
[    0.000000] ACPI: DSDT 0x00000000C77F0470 002325 (v02 VBOX   VBOXBIOS 00000002 INTL 20100528)
[    0.000000] ACPI: FACS 0x00000000C77F0200 000040
[    0.000000] ACPI: FACS 0x00000000C77F0200 000040
[    0.000000] ACPI: APIC 0x00000000C77F0240 00005C (v02 VBOX   VBOXAPIC 00000001 ASL  00000061)
[    0.000000] ACPI: SSDT 0x00000000C77F02A0 0001CC (v01 VBOX   VBOXCPUT 00000002 INTL 20100528)
[    0.000000] ACPI: Reserving FACP table memory at [mem 0xc77f00f0-0xc77f01e3]
[    0.000000] ACPI: Reserving DSDT table memory at [mem 0xc77f0470-0xc77f2794]
[    0.000000] ACPI: Reserving FACS table memory at [mem 0xc77f0200-0xc77f023f]
[    0.000000] ACPI: Reserving FACS table memory at [mem 0xc77f0200-0xc77f023f]
[    0.000000] ACPI: Reserving APIC table memory at [mem 0xc77f0240-0xc77f029b]
[    0.000000] ACPI: Reserving SSDT table memory at [mem 0xc77f02a0-0xc77f046b]
[    0.000000] No NUMA configuration found
[    0.000000] Faking a node at [mem 0x0000000000000000-0x00000000c77effff]
[    0.000000] NODE_DATA(0) allocated [mem 0xc77c5000-0xc77effff]
[    0.000000] kvm-clock: cpu 0, msr 0:c7744001, primary cpu clock
[    0.000000] kvm-clock: Using msrs 4b564d01 and 4b564d00
[    0.000000] kvm-clock: using sched offset of 3452064215 cycles
[    0.000000] clocksource: kvm-clock: mask: 0xffffffffffffffff max_cycles: 0x1cd42e4dffb, max_idle_ns: 881590591483 ns
[    0.000000] Zone ranges:
[    0.000000]   DMA      [mem 0x0000000000001000-0x0000000000ffffff]
[    0.000000]   DMA32    [mem 0x0000000001000000-0x00000000c77effff]
[    0.000000]   Normal   empty
[    0.000000]   Device   empty
[    0.000000] Movable zone start for each node
[    0.000000] Early memory node ranges
[    0.000000]   node   0: [mem 0x0000000000001000-0x000000000009efff]
[    0.000000]   node   0: [mem 0x0000000000100000-0x00000000c77effff]
[    0.000000] Reserved but unavailable: 104 pages
[    0.000000] Initmem setup node 0 [mem 0x0000000000001000-0x00000000c77effff]
[    0.000000] ACPI: PM-Timer IO Port: 0x4008
[    0.000000] IOAPIC[0]: apic_id 2, version 32, address 0xfec00000, GSI 0-23
[    0.000000] ACPI: INT_SRC_OVR (bus 0 bus_irq 0 global_irq 2 dfl dfl)
[    0.000000] ACPI: INT_SRC_OVR (bus 0 bus_irq 9 global_irq 9 low level)
[    0.000000] Using ACPI (MADT) for SMP configuration information
[    0.000000] smpboot: Allowing 2 CPUs, 0 hotplug CPUs
[    0.000000] PM: Registered nosave memory: [mem 0x00000000-0x00000fff]
[    0.000000] PM: Registered nosave memory: [mem 0x0009f000-0x0009ffff]
[    0.000000] PM: Registered nosave memory: [mem 0x000a0000-0x000effff]
[    0.000000] PM: Registered nosave memory: [mem 0x000f0000-0x000fffff]
[    0.000000] e820: [mem 0xc7800000-0xfebfffff] available for PCI devices
[    0.000000] Booting paravirtualized kernel on KVM
[    0.000000] clocksource: refined-jiffies: mask: 0xffffffff max_cycles: 0xffffffff, max_idle_ns: 7645519600211568 ns
[    0.000000] random: get_random_bytes called from start_kernel+0x99/0x500 with crng_init=0
[    0.000000] setup_percpu: NR_CPUS:8192 nr_cpumask_bits:2 nr_cpu_ids:2 nr_node_ids:1
[    0.000000] percpu: Embedded 50 pages/cpu s167936 r8192 d28672 u1048576
[    0.000000] PV qspinlock hash table entries: 256 (order: 0, 4096 bytes)
[    0.000000] Built 1 zonelists, mobility grouping on.  Total pages: 804249
[    0.000000] Policy zone: DMA32
[    0.000000] Kernel command line: BOOT_IMAGE=/boot/vmlinuz-4.15.0-180-generic root=UUID=0684c079-d336-4c12-a204-14d5a871ead0 ro console=tty1 console=ttyS0
[    0.000000] Memory: 3167000K/3268152K available (12300K kernel code, 2484K rwdata, 4324K rodata, 2468K init, 2724K bss, 101152K reserved, 0K cma-reserved)
[    0.000000] SLUB: HWalign=64, Order=0-3, MinObjects=0, CPUs=2, Nodes=1
[    0.000000] ftrace: allocating 39507 entries in 155 pages
[    0.004000] Hierarchical RCU implementation.
[    0.004000] 	RCU restricting CPUs from NR_CPUS=8192 to nr_cpu_ids=2.
[    0.004000] 	Tasks RCU enabled.
[    0.004000] RCU: Adjusting geometry for rcu_fanout_leaf=16, nr_cpu_ids=2
[    0.004000] NR_IRQS: 524544, nr_irqs: 440, preallocated irqs: 16
[    0.004000] Console: colour VGA+ 80x25
[    0.004000] console [tty1] enabled
[    0.004000] console [ttyS0] enabled
[    0.004000] ACPI: Core revision 20170831
[    0.004000] ACPI: 2 ACPI AML tables successfully acquired and loaded
[    0.004000] APIC: Switch to symmetric I/O mode setup
[    0.004000] ..TIMER: vector=0x30 apic1=0 pin1=2 apic2=-1 pin2=-1
[    0.004000] tsc: Detected 3699.998 MHz processor
[    0.004000] Calibrating delay loop (skipped) preset value.. 7399.99 BogoMIPS (lpj=14799992)
[    0.004000] pid_max: default: 32768 minimum: 301
[    0.004000] Security Framework initialized
[    0.004000] Yama: becoming mindful.
[    0.004000] AppArmor: AppArmor initialized
[    0.004000] Dentry cache hash table entries: 524288 (order: 10, 4194304 bytes)
[    0.004000] Inode-cache hash table entries: 262144 (order: 9, 2097152 bytes)
[    0.004000] Mount-cache hash table entries: 8192 (order: 4, 65536 bytes)
[    0.004000] Mountpoint-cache hash table entries: 8192 (order: 4, 65536 bytes)
[    0.004374] Last level iTLB entries: 4KB 512, 2MB 512, 4MB 256
[    0.006665] Last level dTLB entries: 4KB 2048, 2MB 2048, 4MB 1024, 1GB 0
[    0.008000] Spectre V1 : Mitigation: usercopy/swapgs barriers and __user pointer sanitization
[    0.008000] Spectre V2 : Mitigation: Retpolines
[    0.008000] Spectre V2 : Spectre v2 / SpectreRSB mitigation: Filling RSB on context switch
[    0.008000] Speculative Store Bypass: Vulnerable
[    0.008000] Freeing SMP alternatives memory: 36K
[    0.116644] smpboot: CPU0: AMD Ryzen 9 5900X 12-Core Processor (family: 0x19, model: 0x21, stepping: 0x0)
[    0.120000] Performance Events: PMU not available due to virtualization, using software events only.
[    0.120000] Hierarchical SRCU implementation.
[    0.120000] NMI watchdog: Perf event create on CPU 0 failed with -2
[    0.120000] NMI watchdog: Perf NMI watchdog permanently disabled
[    0.120000] smp: Bringing up secondary CPUs ...
[    0.120000] x86: Booting SMP configuration:
[    0.120000] .... node  #0, CPUs:      #1
[    0.004000] kvm-clock: cpu 1, msr 0:c7744041, secondary cpu clock
[    0.124000] TSC synchronization [CPU#0 -> CPU#1]:
[    0.124000] Measured 54990 cycles TSC warp between CPUs, turning off TSC clock.
[    0.124000] tsc: Marking TSC unstable due to check_tsc_sync_source failed
[    0.124049] smp: Brought up 1 node, 2 CPUs
[    0.125680] smpboot: Max logical packages: 1
[    0.127412] smpboot: Total of 2 processors activated (14799.99 BogoMIPS)
[    0.132063] devtmpfs: initialized
[    0.133561] x86/mm: Memory block size: 128MB
[    0.135579] evm: security.selinux
[    0.136000] evm: security.SMACK64
[    0.136000] evm: security.SMACK64EXEC
[    0.136000] evm: security.SMACK64TRANSMUTE
[    0.136000] evm: security.SMACK64MMAP
[    0.136000] evm: security.apparmor
[    0.136000] evm: security.ima
[    0.136000] evm: security.capability
[    0.148226] clocksource: jiffies: mask: 0xffffffff max_cycles: 0xffffffff, max_idle_ns: 7645041785100000 ns
[    0.151561] futex hash table entries: 512 (order: 3, 32768 bytes)
[    0.152000] pinctrl core: initialized pinctrl subsystem
[    0.152000] RTC time:  7:03:07, date: 06/07/22
[    0.152000] NET: Registered protocol family 16
[    0.152000] audit: initializing netlink subsys (disabled)
[    0.164157] audit: type=2000 audit(1654585391.534:1): state=initialized audit_enabled=0 res=1
[    0.168058] cpuidle: using governor ladder
[    0.172106] cpuidle: using governor menu
[    0.174352] ACPI: bus type PCI registered
[    0.174352] acpiphp: ACPI Hot Plug PCI Controller Driver version: 0.5
[    0.176000] PCI: Using configuration type 1 for base access
[    0.176000] PCI: Using configuration type 1 for extended access
[    0.176930] HugeTLB registered 2.00 MiB page size, pre-allocated 0 pages
[    0.184150] ACPI: Added _OSI(Module Device)
[    0.185609] ACPI: Added _OSI(Processor Device)
[    0.187302] ACPI: Added _OSI(3.0 _SCP Extensions)
[    0.188000] ACPI: Added _OSI(Processor Aggregator Device)
[    0.188000] ACPI: Added _OSI(Linux-Dell-Video)
[    0.188000] ACPI: Added _OSI(Linux-Lenovo-NV-HDMI-Audio)
[    0.188000] ACPI: Added _OSI(Linux-HPI-Hybrid-Graphics)
[    0.188304] ACPI: Executed 1 blocks of module-level executable AML code
[    0.192923] ACPI: Interpreter enabled
[    0.194428] ACPI: (supports S0 S5)
[    0.195683] ACPI: Using IOAPIC for interrupt routing
[    0.196145] PCI: Using host bridge windows from ACPI; if necessary, use "pci=nocrs" and report a bug
[    0.199355] ACPI: Enabled 2 GPEs in block 00 to 07
[    0.206747] ACPI: PCI Root Bridge [PCI0] (domain 0000 [bus 00-ff])
[    0.208000] acpi PNP0A03:00: _OSC: OS supports [ExtendedConfig ASPM ClockPM Segments MSI]
[    0.208647] acpi PNP0A03:00: _OSC: platform does not support [PCIeCapability]
[    0.212304] acpi PNP0A03:00: _OSC: not requesting control; platform does not support [PCIeCapability]
[    0.215539] acpi PNP0A03:00: _OSC: OS requested [PCIeHotplug PME AER PCIeCapability]
[    0.216000] acpi PNP0A03:00: _OSC: platform willing to grant [PCIeHotplug PME AER]
[    0.216000] acpi PNP0A03:00: _OSC failed (AE_SUPPORT); disabling ASPM
[    0.220237] PCI host bridge to bus 0000:00
[    0.221804] pci_bus 0000:00: root bus resource [io  0x0000-0x0cf7 window]
[    0.224000] pci_bus 0000:00: root bus resource [io  0x0d00-0xffff window]
[    0.224000] pci_bus 0000:00: root bus resource [mem 0x000a0000-0x000bffff window]
[    0.224000] pci_bus 0000:00: root bus resource [mem 0xc7800000-0xfdffffff window]
[    0.224000] pci_bus 0000:00: root bus resource [bus 00-ff]
[    0.226068] pci 0000:00:01.1: legacy IDE quirk: reg 0x10: [io  0x01f0-0x01f7]
[    0.228000] pci 0000:00:01.1: legacy IDE quirk: reg 0x14: [io  0x03f6]
[    0.228000] pci 0000:00:01.1: legacy IDE quirk: reg 0x18: [io  0x0170-0x0177]
[    0.228000] pci 0000:00:01.1: legacy IDE quirk: reg 0x1c: [io  0x0376]
[    0.237756] pci 0000:00:07.0: quirk: [io  0x4000-0x403f] claimed by PIIX4 ACPI
[    0.240000] pci 0000:00:07.0: quirk: [io  0x4100-0x410f] claimed by PIIX4 SMB
[    0.245329] ACPI: PCI Interrupt Link [LNKA] (IRQs 5 9 10 *11)
[    0.247465] ACPI: PCI Interrupt Link [LNKB] (IRQs 5 9 *10 11)
[    0.248000] ACPI: PCI Interrupt Link [LNKC] (IRQs 5 *9 10 11)
[    0.248000] ACPI: PCI Interrupt Link [LNKD] (IRQs 5 9 10 *11)
[    0.248000] SCSI subsystem initialized
[    0.248116] pci 0000:00:02.0: vgaarb: setting as boot VGA device
[    0.250087] pci 0000:00:02.0: vgaarb: VGA device added: decodes=io+mem,owns=io+mem,locks=none
[    0.252000] pci 0000:00:02.0: vgaarb: bridge control possible
[    0.252000] vgaarb: loaded
[    0.252000] ACPI: bus type USB registered
[    0.252000] usbcore: registered new interface driver usbfs
[    0.252000] usbcore: registered new interface driver hub
[    0.252000] usbcore: registered new device driver usb
[    0.252116] EDAC MC: Ver: 3.0.0
[    0.256283] PCI: Using ACPI for IRQ routing
[    0.258120] NetLabel: Initializing
[    0.259503] NetLabel:  domain hash size = 128
[    0.260000] NetLabel:  protocols = UNLABELED CIPSOv4 CALIPSO
[    0.260000] NetLabel:  unlabeled traffic allowed by default
[    0.268165] clocksource: Switched to clocksource kvm-clock
[    0.272000] VFS: Disk quotas dquot_6.6.0
[    0.272000] VFS: Dquot-cache hash table entries: 512 (order 0, 4096 bytes)
[    0.272000] AppArmor: AppArmor Filesystem Enabled
[    0.272000] pnp: PnP ACPI init
[    0.294567] pnp: PnP ACPI: found 3 devices
[    0.317948] clocksource: acpi_pm: mask: 0xffffff max_cycles: 0xffffff, max_idle_ns: 2085701024 ns
[    0.320038] NET: Registered protocol family 2
[    0.320038] IP idents hash table entries: 65536 (order: 7, 524288 bytes)
[    0.326125] TCP established hash table entries: 32768 (order: 6, 262144 bytes)
[    0.329079] TCP bind hash table entries: 32768 (order: 7, 524288 bytes)
[    0.329996] TCP: Hash tables configured (established 32768 bind 32768)
[    0.329996] UDP hash table entries: 2048 (order: 4, 65536 bytes)
[    0.329996] UDP-Lite hash table entries: 2048 (order: 4, 65536 bytes)
[    0.329996] NET: Registered protocol family 1
[    0.329996] pci 0000:00:00.0: Limiting direct PCI/PCI transfers
[    0.329996] pci 0000:00:01.0: Activating ISA DMA hang workarounds
[    0.329996] pci 0000:00:02.0: Video device with shadowed ROM at [mem 0x000c0000-0x000dffff]
[    0.329996] Unpacking initramfs...
[    0.329996] Freeing initrd memory: 20392K
[    0.329996] clocksource: tsc: mask: 0xffffffffffffffff max_cycles: 0x6aaaa638e3b, max_idle_ns: 881590585313 ns
[    0.329996] platform rtc_cmos: registered platform RTC device (no PNP device found)
[    0.329996] Scanning for low memory corruption every 60 seconds
[    0.607779] Initialise system trusted keyrings
[    0.609517] Key type blacklist registered
[    0.611577] workingset: timestamp_bits=36 max_order=20 bucket_order=0
[    0.614912] zbud: loaded
[    0.616636] squashfs: version 4.0 (2009/01/31) Phillip Lougher
[    0.619079] fuse init (API version 7.26)
[    0.637838] Key type asymmetric registered
[    0.639403] Asymmetric key parser 'x509' registered
[    0.641257] Block layer SCSI generic (bsg) driver version 0.4 loaded (major 246)
[    0.644123] io scheduler noop registered
[    0.645833] io scheduler deadline registered
[    0.647438] io scheduler cfq registered (default)
[    0.649708] ACPI: AC Adapter [AC] (on-line)
[    0.651266] input: Power Button as /devices/LNXSYSTM:00/LNXPWRBN:00/input/input0
[    0.654230] ACPI: Power Button [PWRF]
[    0.655707] input: Sleep Button as /devices/LNXSYSTM:00/LNXSLPBN:00/input/input1
[    0.658098] ACPI: Sleep Button [SLPF]
[    0.660850] Serial: 8250/16550 driver, 32 ports, IRQ sharing enabled
[    0.685322] 00:02: ttyS0 at I/O 0x3f8 (irq = 4, base_baud = 115200) is a 16550A
[    0.694957] Linux agpgart interface v0.103
[    0.700631] loop: module loaded
[    0.703045] scsi host0: ata_piix
[    0.705392] scsi host1: ata_piix
[    0.706665] ata1: PATA max UDMA/33 cmd 0x1f0 ctl 0x3f6 bmdma 0xd000 irq 14
[    0.709001] ata2: PATA max UDMA/33 cmd 0x170 ctl 0x376 bmdma 0xd008 irq 15
[    0.709114] tun: Universal TUN/TAP device driver, 1.6
[    0.713686] PPP generic driver version 2.4.2
[    0.715495] ehci_hcd: USB 2.0 'Enhanced' Host Controller (EHCI) Driver
[    0.717727] ehci-pci: EHCI PCI platform driver
[    0.719309] ehci-platform: EHCI generic platform driver
[    0.719454] ohci_hcd: USB 1.1 'Open' Host Controller (OHCI) Driver
[    0.719454] ohci-pci: OHCI PCI platform driver
[    0.719454] ohci-platform: OHCI generic platform driver
[    0.719454] uhci_hcd: USB Universal Host Controller Interface driver
[    0.719454] i8042: PNP: PS/2 Controller [PNP0303:PS2K,PNP0f03:PS2M] at 0x60,0x64 irq 1,12
[    0.733352] serio: i8042 KBD port at 0x60,0x64 irq 1
[    0.735107] serio: i8042 AUX port at 0x60,0x64 irq 12
[    0.737750] mousedev: PS/2 mouse device common for all mice
[    0.741034] rtc_cmos rtc_cmos: rtc core: registered rtc_cmos as rtc0
[    0.743399] rtc_cmos rtc_cmos: alarms up to one day, 114 bytes nvram
[    0.744998] i2c /dev entries driver
[    0.744998] device-mapper: uevent: version 1.0.3
[    0.749021] device-mapper: ioctl: 4.37.0-ioctl (2017-09-20) initialised: dm-devel@redhat.com
[    0.752141] ledtrig-cpu: registered to indicate activity on CPUs
[    0.755302] input: AT Translated Set 2 keyboard as /devices/platform/i8042/serio0/input/input2
[    0.758542] NET: Registered protocol family 10
[    0.766448] Segment Routing with IPv6
[    0.767909] NET: Registered protocol family 17
[    0.769783] Key type dns_resolver registered
[    0.771765] mce: Using 0 MCE banks
[    0.773056] RAS: Correctable Errors collector initialized.
[    0.774954] sched_clock: Marking stable (771746817, 0)->(1208590714, -436843897)
[    0.779865] registered taskstats version 1
[    0.781356] Loading compiled-in X.509 certificates
[    0.785478] Loaded X.509 cert 'Build time autogenerated kernel key: 5b165579d658a5808005e73a2425cc20635793b1'
[    0.789267] Loaded X.509 cert 'Canonical Ltd. Live Patch Signing: 14df34d1a87cf37625abec039ef2bf521249b969'
[    0.793107] Loaded X.509 cert 'Canonical Ltd. Kernel Module Signing: 88f752e560a1e0737e31163a466ad7b70a850c19'
[    0.796503] blacklist: Loading compiled-in revocation X.509 certificates
[    0.798755] Loaded X.509 cert 'Canonical Ltd. Secure Boot Signing: 61482aa2830d0ab2ad5af10b7250da9033ddcef0'
[    0.802025] zswap: loaded using pool lzo/zbud
[    0.808707] Key type big_key registered
[    0.810056] Key type trusted registered
[    0.813739] Key type encrypted registered
[    0.815171] AppArmor: AppArmor sha1 policy hashing enabled
[    0.817093] ima: No TPM chip found, activating TPM-bypass! (rc=-19)
[    0.819210] ima: Allocated hash algorithm: sha1
[    0.821002] evm: HMAC attrs: 0x1
[    0.822440]   Magic number: 10:777:65
[    0.823984] rtc_cmos rtc_cmos: setting system clock to 2022-06-07 07:03:07 UTC (1654585387)
[    0.827221] BIOS EDD facility v0.16 2004-Jun-25, 0 devices found
[    0.829702] EDD information not available.
[    0.916210] Freeing unused kernel image memory: 2468K
[    0.928554] Write protecting the kernel read-only data: 20480k
[    0.931401] Freeing unused kernel image memory: 2008K
[    0.933530] Freeing unused kernel image memory: 1820K
[    0.938530] x86/mm: Checked W+X mappings: passed, no W+X pages found.
Loading, please wait...
starting version 237
[    0.983368] Fusion MPT base driver 3.04.20
[    0.984843] Copyright (c) 1999-2008 LSI Corporation
[    0.990131] Fusion MPT SPI Host driver 3.04.20
[    1.144670] e1000: Intel(R) PRO/1000 Network Driver - version 7.3.21-k8-NAPI
[    1.146924] e1000: Copyright (c) 1999-2006 Intel Corporation.
[    1.155559] mptbase: ioc0: Initiating bringup
[    1.944474] input: ImExPS/2 Generic Explorer Mouse as /devices/platform/i8042/serio1/input/input4
[    1.961018] ioc0: LSI53C1030 A0: Capabilities={Initiator}
[    2.233485] scsi host2: ioc0: LSI53C1030 A0, FwRev=00000000h, Ports=1, MaxQ=256, IRQ=20
[    3.013066] scsi 2:0:0:0: Direct-Access     VBOX     HARDDISK         1.0  PQ: 0 ANSI: 5
[    3.048214] scsi target2:0:0: Beginning Domain Validation
[    3.054168] scsi target2:0:0: Domain Validation skipping write tests
[    3.056827] scsi target2:0:0: Ending Domain Validation
[    3.058987] scsi target2:0:0: asynchronous
[    3.061852] scsi 2:0:1:0: Direct-Access     VBOX     HARDDISK         1.0  PQ: 0 ANSI: 5
[    3.388133] scsi target2:0:1: Beginning Domain Validation
[    3.394112] scsi target2:0:1: Domain Validation skipping write tests
[    3.396705] scsi target2:0:1: Ending Domain Validation
[    3.398928] scsi target2:0:1: asynchronous
[    3.400705] random: fast init done
[    3.407601] random: systemd-udevd: uninitialized urandom read (16 bytes read)
[    3.410278] random: systemd-udevd: uninitialized urandom read (16 bytes read)
[    3.412882] random: systemd-udevd: uninitialized urandom read (16 bytes read)
[    3.415743] sd 2:0:0:0: Attached scsi generic sg0 type 0
[    3.418522] sd 2:0:0:0: [sda] 83886080 512-byte logical blocks: (42.9 GB/40.0 GiB)
[    3.418590] sd 2:0:1:0: Attached scsi generic sg1 type 0
[    3.423635] sd 2:0:0:0: [sda] Write Protect is off
[    3.423730] sd 2:0:1:0: [sdb] 20480 512-byte logical blocks: (10.5 MB/10.0 MiB)
[    3.428431] sd 2:0:1:0: [sdb] Write Protect is off
[    3.430292] sd 2:0:0:0: [sda] Incomplete mode parameter data
[    3.430394] sd 2:0:1:0: [sdb] Incomplete mode parameter data
[    3.432259] sd 2:0:0:0: [sda] Assuming drive cache: write through
[    3.434285] sd 2:0:1:0: [sdb] Assuming drive cache: write through
[    3.441765]  sda: sda1
[    3.444265] sd 2:0:1:0: [sdb] Attached SCSI disk
[    3.446839] sd 2:0:0:0: [sda] Attached SCSI disk
[    3.463800] e1000 0000:00:03.0 eth0: (PCI:33MHz:32-bit) 02:27:94:89:a7:22
[    3.467833] e1000 0000:00:03.0 eth0: Intel(R) PRO/1000 Network Connection
[    3.472175] e1000 0000:00:03.0 enp0s3: renamed from eth0
Begin: Loading essential drivers ... [    5.004522] raid6: sse2x1   gen()  8430 MB/s
[    5.052276] raid6: sse2x1   xor() 15072 MB/s
[    5.100296] raid6: sse2x2   gen() 17340 MB/s
[    5.148492] raid6: sse2x2   xor() 18051 MB/s
[    5.196737] raid6: sse2x4   gen() 25600 MB/s
[    5.243999] raid6: sse2x4   xor() 12357 MB/s
[    5.245456] raid6: using algorithm sse2x4 gen() 25600 MB/s
[    5.247344] raid6: .... xor() 12357 MB/s, rmw enabled
[    5.249096] raid6: using ssse3x2 recovery algorithm
[    5.252972] xor: measuring software checksum speed
[   10.140940]    prefetch64-sse: 1158451.704 MB/sec
[   11.155023]    generic_sse: 612626.704 MB/sec
[   11.156825] xor: using function: prefetch64-sse (1158451.704 MB/sec)
[   11.160689] async_tx: api initialized (async)
done.
Begin: Running /scripts/init-premount ... done.
Begin: Mounting root file system ... Begin: Running /scripts/local-top ... done.
Begin: Running /scripts/local-premount ... [   11.200554] Btrfs loaded, crc32c=crc32c-intel
Scanning for Btrfs filesystems
done.
Begin: Will now check root file system ... fsck from util-linux 2.31.1
[/sbin/fsck.ext4 (1) -- /dev/sda1] fsck.ext4 -a -C0 /dev/sda1 
cloudimg-rootfs: recovering journal
cloudimg-rootfs: clean, 191812/5120000 files, 1702004/10485499 blocks
done.
[   11.297659] EXT4-fs (sda1): mounted filesystem with ordered data mode. Opts: (null)
done.
Begin: Running /scripts/local-bottom ... done.
Begin: Running /scripts/init-bottom ... done.
[   11.492309] ip_tables: (C) 2000-2006 Netfilter Core Team
[   11.501809] systemd[1]: systemd 237 running in system mode. (+PAM +AUDIT +SELINUX +IMA +APPARMOR +SMACK +SYSVINIT +UTMP +LIBCRYPTSETUP +GCRYPT +GNUTLS +ACL +XZ +LZ4 +SECCOMP +BLKID +ELFUTILS +KMOD -IDN2 +IDN -PCRE2 default-hierarchy=hybrid)
[   11.509085] systemd[1]: Detected virtualization oracle.
[   11.510926] systemd[1]: Detected architecture x86-64.

Welcome to [1mUbuntu 18.04.6 LTS[0m!

[   11.525923] systemd[1]: Set hostname to <ubuntu-bionic>.
[   11.766771] systemd[1]: Created slice System Slice.
[[0;32m  OK  [0m] Created slice System Slice.
[   11.769380] systemd[1]: Listening on /dev/initctl Compatibility Named Pipe.
[[0;32m  OK  [0m] Listening on /dev/initctl Compatibility Named Pipe.
[   11.773397] systemd[1]: Created slice system-serial\x2dgetty.slice.
[[0;32m  OK  [0m] Created slice system-serial\x2dgetty.slice.
[   11.776652] systemd[1]: Listening on Syslog Socket.
[[0;32m  OK  [0m] Listening on Syslog Socket.
[   11.779173] systemd[1]: Listening on LVM2 metadata daemon socket.
[[0;32m  OK  [0m] Listening on LVM2 metadata daemon socket.
[   11.782251] systemd[1]: Listening on udev Kernel Socket.
[[0;32m  OK  [0m] Listening on udev Kernel Socket.
[[0;32m  OK  [0m] Reached target System Time Synchronized.
[[0;32m  OK  [0m] Reached target Swap.
[[0;32m  OK  [0m] Set up automount Arbitrary Executab…rmats File System Automount Point.
[[0;32m  OK  [0m] Listening on Journal Socket (/dev/log).
[[0;32m  OK  [0m] Listening on fsck to fsckd communication Socket.
[[0;32m  OK  [0m] Listening on LVM2 poll daemon socket.
[[0;32m  OK  [0m] Listening on Journal Audit Socket.
[[0;32m  OK  [0m] Listening on Network Service Netlink Socket.
[[0;32m  OK  [0m] Reached target User and Group Name Lookups.
[[0;32m  OK  [0m] Started Forward Password Requests to Wall Directory Watch.
[[0;32m  OK  [0m] Listening on Journal Socket.
         Mounting Huge Pages File System...
         Starting Uncomplicated firewall...
         Starting Load Kernel Modules...
         Mounting Kernel Debug File System...
         Starting Remount Root and Kernel File Systems...
         Mounting POSIX Message Queue File System...
[[0;32m  OK  [0m] Listening on Device-mapper event daemon FIFOs.
         Starting Monitoring of LVM2 mirrors…ng dmeventd or progress polling...
         Starting Create list of required st…ce nodes for the current kernel...
[   11.815849] Loading iSCSI transport class v2.0-870.
         Starting Journal Service...
[[0;32m  OK  [0m] Created slice User and Session Slice.
[[0;32m  OK  [0m] Reached target Slices.
[[0;32m  OK  [0m] Listening on udev Control Socket.
         Starting udev Coldplug all Devices...
         Starting Set the console keyboard layout...
[[0;32m  OK  [0m] Mounted Huge Pages File System.
[   11.880561] EXT4-fs (sda1): re-mounted. Opts: (null)
[[0;32m  OK  [0m] Started Uncomplicated firewall.
[[0;32m  OK  [0m] Mounted Kernel Debug File System.
[[0;32m  OK  [0m] Started Remount Root and Kernel File Systems.
[[0;32m  OK  [0m] Mounted POSIX Message Queue File System.
[[0;32m  OK  [0m] Started Create list of required sta…vice nodes for the current kernel.
[[0;32m  OK  [0m] Started LVM2 metadata daemon.
         Starting Create Static Device Nodes in /dev...
         Starting Load/Save Random Seed...
[[0;32m  OK  [0m] Started udev Coldplug all Devices.
[[0;32m  OK  [0m] Started Create Static Device Nodes in /dev.
[[0;32m  OK  [0m] Started Load/Save Random Seed.
         Starting udev Kernel Device Manager...
[   11.985737] iscsi: registered transport (tcp)
[[0;32m  OK  [0m] Started Monitoring of LVM2 mirrors,…sing dmeventd or progress polling.
[[0;32m  OK  [0m] Started Journal Service.
         Starting Flush Journal to Persistent Storage...
[[0;32m  OK  [0m] Started udev Kernel Device Manager.
[   12.234026] systemd-journald[403]: Received request to flush runtime journal from PID 1
[   12.395646] iscsi: registered transport (iser)
[[0;32m  OK  [0m] Started Load Kernel Modules.
[[0;32m  OK  [0m] Started Set the console keyboard layout.
[[0;32m  OK  [0m] Reached target Local File Systems (Pre).
[[0;32m  OK  [0m] Reached target Local File Systems.
         Starting AppArmor initialization...
         Starting Set console font and keymap...
         Starting ebtables ruleset management...
         Starting Tell Plymouth To Write Out Runtime Data...
[[0;32m  OK  [0m] Started Dispatch Password Requests to Console Directory Watch.
[[0;32m  OK  [0m] Reached target Local Encrypted Volumes.
         Starting Apply Kernel Variables...
         Mounting FUSE Control File System...
         Mounting Kernel Configuration File System...
[[0;32m  OK  [0m] Mounted FUSE Control File System.
[[0;32m  OK  [0m] Mounted Kernel Configuration File System.
[[0;32m  OK  [0m] Started Set console font and keymap.
[[0;32m  OK  [0m] Started Tell Plymouth To Write Out Runtime Data.
[[0;32m  OK  [0m] Found device /dev/ttyS0.
[[0;32m  OK  [0m] Started Apply Kernel Variables.
[[0;32m  OK  [0m] Listening on Load/Save RF Kill Switch Status /dev/rfkill Watch.
[[0;32m  OK  [0m] Started Flush Journal to Persistent Storage.
         Starting Create Volatile Files and Directories...
[[0;32m  OK  [0m] Started ebtables ruleset management.
[[0;32m  OK  [0m] Started Create Volatile Files and Directories.
         Starting Update UTMP about System Boot/Shutdown...
[[0;32m  OK  [0m] Started Update UTMP about System Boot/Shutdown.
[[0;32m  OK  [0m] Started AppArmor initialization.
         Starting Load AppArmor profiles managed internally by snapd...
         Starting Initial cloud-init job (pre-networking)...
[[0;32m  OK  [0m] Started Load AppArmor profiles managed internally by snapd.
[   13.994800] cloud-init[543]: Cloud-init v. 22.1-14-g2e17a0d6-0ubuntu1~18.04.3 running 'init-local' at Tue, 07 Jun 2022 07:03:20 +0000. Up 13.83 seconds.
[[0;32m  OK  [0m] Started Initial cloud-init job (pre-networking).
[[0;32m  OK  [0m] Reached target Network (Pre).
         Starting Network Service...
[[0;32m  OK  [0m] Started Network Service.
         Starting Wait for Network to be Configured...
         Starting Network Name Resolution...
[[0;32m  OK  [0m] Started Network Name Resolution.
[[0;32m  OK  [0m] Reached target Network.
[[0;32m  OK  [0m] Reached target Host and Network Name Lookups.
[[0;32m  OK  [0m] Started Wait for Network to be Configured.
         Starting Initial cloud-init job (metadata service crawler)...
[   16.330327] cloud-init[660]: Cloud-init v. 22.1-14-g2e17a0d6-0ubuntu1~18.04.3 running 'init' at Tue, 07 Jun 2022 07:03:22 +0000. Up 16.20 seconds.
[   16.332894] cloud-init[660]: ci-info: ++++++++++++++++++++++++++++++++++++++Net device info++++++++++++++++++++++++++++++++++++++
[   16.334795] cloud-init[660]: ci-info: +--------+------+----------------------------+---------------+--------+-------------------+
[   16.336577] cloud-init[660]: ci-info: | Device |  Up  |          Address           |      Mask     | Scope  |     Hw-Address    |
[   16.338569] cloud-init[660]: ci-info: +--------+------+----------------------------+---------------+--------+-------------------+
[   16.340340] cloud-init[660]: ci-info: | enp0s3 | True |         10.0.2.15          | 255.255.255.0 | global | 02:27:94:89:a7:22 |
[   16.342145] cloud-init[660]: ci-info: | enp0s3 | True | fe80::27:94ff:fe89:a722/64 |       .       |  link  | 02:27:94:89:a7:22 |
[   16.344160] cloud-init[660]: ci-info: |   lo   | True |         127.0.0.1          |   255.0.0.0   |  host  |         .         |
[   16.345930] cloud-init[660]: ci-info: |   lo   | True |          ::1/128           |       .       |  host  |         .         |
[   16.347618] cloud-init[660]: ci-info: +--------+------+----------------------------+---------------+--------+-------------------+
[   16.349223] cloud-init[660]: ci-info: ++++++++++++++++++++++++++++Route IPv4 info+++++++++++++++++++++++++++++
[   16.350654] cloud-init[660]: ci-info: +-------+-------------+----------+-----------------+-----------+-------+
[   16.352102] cloud-init[660]: ci-info: | Route | Destination | Gateway  |     Genmask     | Interface | Flags |
[   16.353893] cloud-init[660]: ci-info: +-------+-------------+----------+-----------------+-----------+-------+
[   16.355310] cloud-init[660]: ci-info: |   0   |   0.0.0.0   | 10.0.2.2 |     0.0.0.0     |   enp0s3  |   UG  |
[   16.356935] cloud-init[660]: ci-info: |   1   |   10.0.2.0  | 0.0.0.0  |  255.255.255.0  |   enp0s3  |   U   |
[   16.358505] cloud-init[660]: ci-info: |   2   |   10.0.2.2  | 0.0.0.0  | 255.255.255.255 |   enp0s3  |   UH  |
[   16.360130] cloud-init[660]: ci-info: +-------+-------------+----------+-----------------+-----------+-------+
[   16.361689] cloud-init[660]: ci-info: +++++++++++++++++++Route IPv6 info+++++++++++++++++++
[   16.363724] cloud-init[660]: ci-info: +-------+-------------+---------+-----------+-------+
[   16.365151] cloud-init[660]: ci-info: | Route | Destination | Gateway | Interface | Flags |
[   16.366553] cloud-init[660]: ci-info: +-------+-------------+---------+-----------+-------+
[   16.367812] cloud-init[660]: ci-info: |   1   |  fe80::/64  |    ::   |   enp0s3  |   U   |
[   16.369137] cloud-init[660]: ci-info: |   3   |    local    |    ::   |   enp0s3  |   U   |
[   16.370450] cloud-init[660]: ci-info: |   4   |   ff00::/8  |    ::   |   enp0s3  |   U   |
[   16.371817] cloud-init[660]: ci-info: +-------+-------------+---------+-----------+-------+
[[0;32m  OK  [0m] Started Initial cloud-init job (metadata service crawler).
[[0;32m  OK  [0m] Reached target Network is Online.
         Starting Availability of block devices...
[[0;32m  OK  [0m] Reached target Remote File Systems (Pre).
         Mounting /vagrant...
[[0;32m  OK  [0m] Reached target System Initialization.
[[0;32m  OK  [0m] Listening on UUID daemon activation socket.
[[0;32m  OK  [0m] Started Trigger to poll for Ubuntu …(Only enabled on GCP LTS non-pro).
[[0;32m  OK  [0m] Listening on D-Bus System Message Bus Socket.
[[0;32m  OK  [0m] Started Message of the Day.
[[0;32m  OK  [0m] Listening on cloud-init hotplug hook socket.
         Starting LXD - unix socket.
[[0;32m  OK  [0m] Started ACPI Events Check.
[[0;32m  OK  [0m] Reached target Paths.
[[0;32m  OK  [0m] Listening on Open-iSCSI iscsid Socket.
         Starting Socket activation for snappy daemon.
[[0;32m  OK  [0m] Started Daily apt download activities.
[[0;32m  OK  [0m] Started Daily apt upgrade and clean activities.
[[0;32m  OK  [0m] Started Discard unused blocks once a week.
[[0;32m  OK  [0m] Started Ubuntu Advantage Timer for running repeated jobs.
[[0;32m  OK  [0m] Started Daily Cleanup of Temporary Directories.
[[0;32m  OK  [0m] Reached target Timers.
[[0;32m  OK  [0m] Listening on ACPID Listen Socket.
[[0;32m  OK  [0m] Reached target Cloud-config availability.
[[0;32m  OK  [0m] Listening on LXD - unix socket.
[[0;32m  OK  [0m] Started Availability of block devices.
[[0;32m  OK  [0m] Listening on Socket activation for snappy daemon.
[[0;32m  OK  [0m] Reached target Sockets.
[[0;32m  OK  [0m] Reached target Basic System.
[[0;32m  OK  [0m] Started irqbalance daemon.
         Starting LXD - container startup/shutdown...
         Starting Virtualbox guest utils...
         Starting Discard unused blocks...
         Starting Message of the Day...
         Starting Login Service...
         Starting Accounts Service...
         Starting LSB: Record successful boot for GRUB...
[[0;32m  OK  [0m] Started D-Bus System Message Bus.
         Starting Dispatcher daemon for systemd-networkd...
         Starting Snap Daemon...
         Starting OpenBSD Secure Shell server...
[[0;32m  OK  [0m] Started FUSE filesystem for LXC.
[[0;32m  OK  [0m] Started Regular background program processing daemon.
[[0;32m  OK  [0m] Started Deferred execution scheduler.
         Starting System Logging Service...
[[0;32m  OK  [0m] Mounted /vagrant.
[[0;32m  OK  [0m] Started Discard unused blocks.
[[0;32m  OK  [0m] Started System Logging Service.
[[0;32m  OK  [0m] Started Login Service.
[[0;32m  OK  [0m] Started Unattended Upgrades Shutdown.
         Starting Authorization Manager...
[[0;32m  OK  [0m] Reached target Remote File Systems.
         Starting Permit User Sessions...
         Starting LSB: automatic crash report generation...
[[0;32m  OK  [0m] Started Authorization Manager.
[[0;32m  OK  [0m] Started Accounts Service.
[[0;32m  OK  [0m] Started Permit User Sessions.
         Starting Hold until boot process finishes up...
         Starting Terminate Plymouth Boot Screen...
[[0;32m  OK  [0m] Started Hold until boot process finishes up.
[[0;32m  OK  [0m] Started Serial Getty on ttyS0.
         Starting Set console scheme...
[[0;32m  OK  [0m] Started Terminate Plymouth Boot Screen.
[[0;32m  OK  [0m] Started LXD - container startup/shutdown.
[[0;32m  OK  [0m] Started Set console scheme.
[[0;32m  OK  [0m] Created slice system-getty.slice.
[[0;32m  OK  [0m] Started Getty on tty1.
[[0;32m  OK  [0m] Reached target Login Prompts.
[[0;32m  OK  [0m] Started OpenBSD Secure Shell server.
[[0;32m  OK  [0m] Started LSB: Record successful boot for GRUB.
[[0;32m  OK  [0m] Started LSB: automatic crash report generation.
[[0;32m  OK  [0m] Started Virtualbox guest utils.
[[0;32m  OK  [0m] Started Dispatcher daemon for systemd-networkd.
[[0;32m  OK  [0m] Started Snap Daemon.
         Starting Wait until snapd is fully seeded...
         Starting Time & Date Service...
[[0;32m  OK  [0m] Started Time & Date Service.
[[0;32m  OK  [0m] Started Wait until snapd is fully seeded.
[[0;32m  OK  [0m] Reached target Multi-User System.
[[0;32m  OK  [0m] Reached target Graphical Interface.
         Starting Update UTMP about System Runlevel Changes...
         Starting Apply the settings specified in cloud-config...
[[0;32m  OK  [0m] Started Update UTMP about System Runlevel Changes.
[   18.221376] cloud-init[1326]: Cloud-init v. 22.1-14-g2e17a0d6-0ubuntu1~18.04.3 running 'modules:config' at Tue, 07 Jun 2022 07:03:20 +0000. Up 18.15 seconds.
[[0;32m  OK  [0m] Started Apply the settings specified in cloud-config.
         Starting Execute cloud user/final scripts...
[   18.504466] cloud-init[1373]: Cloud-init v. 22.1-14-g2e17a0d6-0ubuntu1~18.04.3 running 'modules:final' at Tue, 07 Jun 2022 07:03:20 +0000. Up 18.44 seconds.
[   18.507154] cloud-init[1373]: Cloud-init v. 22.1-14-g2e17a0d6-0ubuntu1~18.04.3 finished at Tue, 07 Jun 2022 07:03:20 +0000. Datasource DataSourceNoCloud [seed=/dev/sdb][dsmode=net].  Up 18.50 seconds
[[0;32m  OK  [0m] Started Execute cloud user/final scripts.
         Starting Daily apt download activities...
[[0;32m  OK  [0m] Reached target Cloud-init target.
[[0;32m  OK  [0m] Started Message of the Day.
[[0;32m  OK  [0m] Created slice User Slice of vagrant.
         Starting User Manager for UID 1000...
[[0;32m  OK  [0m] Started Session 1 of user vagrant.
[[0;32m  OK  [0m] Started User Manager for UID 1000.

Ubuntu 18.04.6 LTS ubuntu-bionic ttyS0

ubuntu-bionic login: 